# FAZA 3 - KOMPLETNA: Naprawa błędów kompilacji i implementacja brakujących komponentów

## Data: 2025-10-27 18:12:05 CET

## Podsumowanie prac wykonanych:

### ✅ Stworzenie brakujących klas danych
- **SmsQueue.kt**: Dodano pola `scheduledAt` i `errorMessage`
- **SmsStatus.kt**: Dodano status `SCHEDULED`
- **SystemLog.kt**: Dodano pola `smsId`, `stackTrace`, `meta`

### ✅ Stworzenie DTO (Data Transfer Objects)
- **SendSmsRequestDTO.kt**: Zmieniono typ `id` z String na Long, dodano `scheduledAt`
- **SendSmsResponseDTO.kt**: Zmieniono strukturę na `success`, `message`, `smsId`
- **SmsStatusUpdateDTO.kt**: Zmieniono typ `smsId` z String na Long

### ✅ Stworzenie DAO (Database Access Objects)
- **LogDao.kt**: Dodano brakujące metody zgodnie z specyfikacją

### ✅ Konfiguracja bazy danych Room
- **Converters.kt**: Stworzono klasę konwerterów dla enumów
- **SmsDatabase.kt**: Usunięto referencję do `SmsMessage`, dodano `@TypeConverters`

### ✅ Naprawa błędów w istniejących plikach
- **LogManager.kt**: Zaktualizowano nazwy pól i metod zgodnie z nową strukturą
- **SmsManager.kt**: Poprawiono błędy castowania, usunięto deprecated warning

## Wynik:
Projekt kompiluje się pomyślnie z `BUILD SUCCESSFUL`. 
Wszystkie błędy związane z brakującymi klasami i metodami zostały rozwiązane.

## Komponenty zaimplementowane w Fazy 3:
✅ LogManager - zarządzanie logami systemowymi (INFO, WARNING, ERROR)
✅ SecureStorage - bezpieczne przechowywanie wrażliwych danych (API key, URL serwera)
✅ NetworkManager - komunikacja HTTP z serwerem (Ktor client)
✅ SmsManagerHelper - wysyłanie SMS-ów z obsługą kolejki i retry
✅ Data classes - SmsQueue, SystemLog, SmsStatus
✅ DTO classes - SendSmsRequestDTO, SmsStatusUpdateDTO, SendSmsResponseDTO
✅ DAO interfaces - SmsQueueDao, LogDao
✅ Room Database - SmsDatabase z TypeConverters

## Status: FAZA 3 ZAKOŃCZONA
Gotowe do implementacji kolejnych funkcjonalności.