2025-10-27T15:09:00 - FAZA 2.5 - Implementacja designu UI Compose - ZAKOŃCZONA

Zrealizowane zadania:
1. ✅ SideBar.kt - Panel boczny z nawigacją
   - Szerokość 240dp z elevation
   - Lista pozycji menu (Dashboard, Historia SMS, Wyślij SMS, Ustawienia)
   - Podświetlanie aktywnego elementu
   - Klikalne elementy z callbackiem

2. ✅ Dashboard.kt - Główny ekran aplikacji
   - Tytuł "Dashboard" 
   - Dwa statyczne karty z danymi (SMS w kolejce: 24, Wysłane dzisiaj: 12)
   - Responsywny layout z Row i Card komponentami
   - Przygotowane miejsce na przyszłe rozszerzenia (tabela, dodatkowe elementy)

3. ✅ MainContent.kt - Główny kontener z nawigacją
   - Scaffold z obsługą padding
   - Row layout z SideBar po lewej stronie
   - Switch-case nawigacja między ekranami
   - Przygotowane placeholdery dla pozostałych ekranów

4. ✅ MainActivity.kt - Zaktualizowana główna aktywność
   - Usunięty stary komponent Greeting
   - Dodany state management dla wybranej zakładki
   - Integracja z nowym MainContent komponentem
   - Preview dla testowania

🔧 Problemy rozwiązane:
- Błędy kompilacji - Naprawione wszystkie błędy importów i składni
- Lint warnings - Dodany prawidłowy padding do Scaffold
- Layout issues - Zastąpione problematyczne `weight()` funkcją `fillMaxWidth(0.5f)`
- Navigation state - Zaimplementowany mutableStateOf dla przełączania między ekranami

📱 Architektura UI:
```
MainActivity
├── Smsbramkax1Theme
└── MainContent(selectedTab, onTabSelected)
    ├── Scaffold
    └── Row
        ├── SideBar (240dp)
        │   ├── Logo "SMS Gateway X1"
        │   └── Menu items (Dashboard, Historia SMS, etc.)
        └── Content Area
            ├── Dashboard (when selectedTab == "Dashboard")
            │   ├── Title "Dashboard"
            │   └── Row with StatCards
            └── Placeholder screens (Historia SMS, Wyślij SMS, Ustawienia)
```

🚀 Status projektu:
- Build: ✅ SUCCESSFUL
- Lint: ✅ Clean (bez błędów)
- Navigation: ✅ Funkcjonalna nawigacja między ekranami
- UI: ✅ Responsywny design z Material Design 3
- State: ✅ Zarządzanie stanem aplikacji

Aplikacja jest gotowa do dalszego rozwoju - można teraz dodawać funkcjonalność do poszczególnych ekranów (Historia SMS, Wysyłanie SMS, Ustawienia) oraz rozszerzać Dashboard o dodatkowe komponenty zgodnie z design.md.

Commit: FAZA2.5-IMPLEMENTACJA-UI-COMPOSE-ZAKONCZONA
