2025-10-28 - FAZA 7 KOMPLETNA: Database Migration Fix

OPIS:
Rozwiązanie krytycznego problemu z migracją bazy danych Room, który uniemożliwiał ładowanie danych w aplikacji SMS Gateway.

PROBLEM:
- Błąd ładowania danych: "Migration didn't properly handle: sms_queue(com.example.smsbramkax1.data.SmsQueue)"
- Room oczekiwał pełnego schematu tabeli sms_queue z kolumnami: batchId, category, messageBody, scheduledAt, sentAt, retryCount, errorMessage
- Istniejące migracje (wersje 1-6) nie dodawały wszystkich wymaganych kolumn
- Dodatkowy błąd: "duplicate column name: scheduledAt" przy próbie dodania istniejących kolumn
- Błąd integralności danych: "Room cannot verify the data integrity" z mismatched identity hashes

KROKI ROZWIĄZANIA:

1. ANALIZA PROBLEMU:
   - Sprawdzenie SmsQueue.kt - entity zawierała wszystkie kolumny, ale migracje były niekompletne
   - Sprawdzenie SmsDatabase.kt - wersja 6 z wieloma migracjami, ale brakujące kolumny
   - Sprawdzenie Converters.kt - brakowało konwerterów dla ScheduledSmsStatus

2. PIERWSZA PRÓBA - DODANIE BRAKUJĄCYCH KOLUMN:
   - Dodanie MIGRATION_5_6 z try-catch dla każdej kolumny
   - Wynik: Błąd "duplicate column name: scheduledAt" - kolumny już istniały

3. DRUGA PRÓBA - UPROSZCZENIE MIGRACJI:
   - Uproszczenie do tylko messageBody
   - Wynik: Dalej błędy migracji dla innych tabel (scheduled_sms)

4. KOŃCOWE ROZWIĄZANIE - DESTRUKTYWNA MIGRACJA:
   - Reset bazy danych do wersji 1 z wszystkimi encjami
   - Włączenie fallbackToDestructiveMigration(dropAllTables = true)
   - Dodanie wszystkich encji: SmsQueue, SystemLog, ScheduledSms, SmsTemplate, Contact
   - Dodanie wszystkich DAO: smsQueueDao, logDao, scheduledSmsDao, templateDao, contactDao
   - Dodanie konwerterów dla ScheduledSmsStatus w Converters.kt
   - Inkrementacja wersji do 2 dla spójności schematu

ZMIANY W KODZIE:

1. SmsDatabase.kt:
   - Zmiana wersji z 6 na 2
   - Dodanie wszystkich encji do @Database
   - Dodanie wszystkich abstrakcyjnych DAO
   - Włączenie fallbackToDestructiveMigration(dropAllTables = true)
   - Usunięcie wszystkich starych migracji (MIGRATION_1_2, MIGRATION_2_3, etc.)

2. Converters.kt:
   - Dodanie fromScheduledSmsStatus() i toScheduledSmsStatus()

3. SmsQueue.kt:
   - Dodanie kolumn: messageBody, batchId, category (już istniały)

4. SmsStatus.kt:
   - Dodanie statusu QUEUED

5. Inne pliki:
   - Aktualizacje importów i zależności dla nowych funkcjonalności
   - Poprawki zgodności z nowym API Androida

WYNIK:
- Aplikacja buduje się i instaluje pomyślnie
- Baza danych tworzy się od nowa z pełnym schematem
- Brak błędów ładowania danych
- Funkcjonalność w pełni operacyjna

KOMENTARZ:
Rozwiązanie używa destruktywnej migracji, co oznacza utratę istniejących danych. 
W środowisku produkcyjnym należy zaimplementować proper migrations dla zachowania danych.

STATUS: ✅ KOMPLETNE